{"C:\\Users\\bruno\\OneDrive\\Documents\\GitHub\\nuh\\Church-Schedule\\Codigo\\server\\routers\\bandsRoute.js": {"path":"C:\\Users\\bruno\\OneDrive\\Documents\\GitHub\\nuh\\Church-Schedule\\Codigo\\server\\routers\\bandsRoute.js","statementMap":{"0":{"start":{"line":5,"column":15},"end":{"line":5,"column":31}},"1":{"start":{"line":7,"column":20},"end":{"line":10,"column":1}},"2":{"start":{"line":12,"column":0},"end":{"line":12,"column":30}},"3":{"start":{"line":14,"column":0},"end":{"line":14,"column":27}},"4":{"start":{"line":17,"column":0},"end":{"line":31,"column":3}},"5":{"start":{"line":18,"column":19},"end":{"line":18,"column":27}},"6":{"start":{"line":19,"column":2},"end":{"line":19,"column":19}},"7":{"start":{"line":21,"column":2},"end":{"line":30,"column":3}},"8":{"start":{"line":22,"column":24},"end":{"line":25,"column":5}},"9":{"start":{"line":26,"column":4},"end":{"line":26,"column":34}},"10":{"start":{"line":28,"column":4},"end":{"line":28,"column":21}},"11":{"start":{"line":29,"column":4},"end":{"line":29,"column":43}},"12":{"start":{"line":34,"column":0},"end":{"line":42,"column":3}},"13":{"start":{"line":35,"column":2},"end":{"line":41,"column":3}},"14":{"start":{"line":36,"column":24},"end":{"line":36,"column":69}},"15":{"start":{"line":37,"column":4},"end":{"line":37,"column":31}},"16":{"start":{"line":39,"column":4},"end":{"line":39,"column":21}},"17":{"start":{"line":40,"column":4},"end":{"line":40,"column":43}},"18":{"start":{"line":45,"column":0},"end":{"line":58,"column":3}},"19":{"start":{"line":46,"column":17},"end":{"line":46,"column":27}},"20":{"start":{"line":47,"column":2},"end":{"line":57,"column":3}},"21":{"start":{"line":48,"column":24},"end":{"line":48,"column":89}},"22":{"start":{"line":49,"column":4},"end":{"line":53,"column":5}},"23":{"start":{"line":50,"column":6},"end":{"line":50,"column":36}},"24":{"start":{"line":52,"column":6},"end":{"line":52,"column":45}},"25":{"start":{"line":55,"column":4},"end":{"line":55,"column":21}},"26":{"start":{"line":56,"column":4},"end":{"line":56,"column":43}},"27":{"start":{"line":61,"column":0},"end":{"line":79,"column":3}},"28":{"start":{"line":62,"column":19},"end":{"line":62,"column":27}},"29":{"start":{"line":63,"column":17},"end":{"line":63,"column":27}},"30":{"start":{"line":65,"column":2},"end":{"line":78,"column":3}},"31":{"start":{"line":66,"column":24},"end":{"line":69,"column":5}},"32":{"start":{"line":70,"column":4},"end":{"line":74,"column":5}},"33":{"start":{"line":71,"column":6},"end":{"line":71,"column":36}},"34":{"start":{"line":73,"column":6},"end":{"line":73,"column":45}},"35":{"start":{"line":76,"column":4},"end":{"line":76,"column":21}},"36":{"start":{"line":77,"column":4},"end":{"line":77,"column":43}},"37":{"start":{"line":82,"column":0},"end":{"line":96,"column":3}},"38":{"start":{"line":83,"column":17},"end":{"line":83,"column":27}},"39":{"start":{"line":85,"column":2},"end":{"line":95,"column":3}},"40":{"start":{"line":86,"column":25},"end":{"line":86,"column":88}},"41":{"start":{"line":87,"column":4},"end":{"line":91,"column":5}},"42":{"start":{"line":88,"column":6},"end":{"line":88,"column":29}},"43":{"start":{"line":90,"column":6},"end":{"line":90,"column":45}},"44":{"start":{"line":93,"column":4},"end":{"line":93,"column":21}},"45":{"start":{"line":94,"column":4},"end":{"line":94,"column":43}},"46":{"start":{"line":98,"column":0},"end":{"line":107,"column":3}},"47":{"start":{"line":99,"column":17},"end":{"line":99,"column":27}},"48":{"start":{"line":100,"column":2},"end":{"line":106,"column":3}},"49":{"start":{"line":101,"column":24},"end":{"line":101,"column":100}},"50":{"start":{"line":102,"column":4},"end":{"line":102,"column":31}},"51":{"start":{"line":104,"column":4},"end":{"line":104,"column":21}},"52":{"start":{"line":105,"column":4},"end":{"line":105,"column":43}},"53":{"start":{"line":110,"column":0},"end":{"line":120,"column":3}},"54":{"start":{"line":111,"column":17},"end":{"line":111,"column":27}},"55":{"start":{"line":113,"column":2},"end":{"line":119,"column":3}},"56":{"start":{"line":114,"column":25},"end":{"line":114,"column":99}},"57":{"start":{"line":115,"column":4},"end":{"line":115,"column":32}},"58":{"start":{"line":117,"column":4},"end":{"line":117,"column":21}},"59":{"start":{"line":118,"column":4},"end":{"line":118,"column":43}}},"fnMap":{"0":{"name":"(anonymous_0)","decl":{"start":{"line":17,"column":17},"end":{"line":17,"column":18}},"loc":{"start":{"line":17,"column":37},"end":{"line":31,"column":1}},"line":17},"1":{"name":"(anonymous_1)","decl":{"start":{"line":34,"column":16},"end":{"line":34,"column":17}},"loc":{"start":{"line":34,"column":36},"end":{"line":42,"column":1}},"line":34},"2":{"name":"(anonymous_2)","decl":{"start":{"line":45,"column":19},"end":{"line":45,"column":20}},"loc":{"start":{"line":45,"column":39},"end":{"line":58,"column":1}},"line":45},"3":{"name":"(anonymous_3)","decl":{"start":{"line":61,"column":19},"end":{"line":61,"column":20}},"loc":{"start":{"line":61,"column":39},"end":{"line":79,"column":1}},"line":61},"4":{"name":"(anonymous_4)","decl":{"start":{"line":82,"column":22},"end":{"line":82,"column":23}},"loc":{"start":{"line":82,"column":42},"end":{"line":96,"column":1}},"line":82},"5":{"name":"(anonymous_5)","decl":{"start":{"line":98,"column":34},"end":{"line":98,"column":35}},"loc":{"start":{"line":98,"column":54},"end":{"line":107,"column":1}},"line":98},"6":{"name":"(anonymous_6)","decl":{"start":{"line":110,"column":40},"end":{"line":110,"column":41}},"loc":{"start":{"line":110,"column":60},"end":{"line":120,"column":1}},"line":110}},"branchMap":{"0":{"loc":{"start":{"line":49,"column":4},"end":{"line":53,"column":5}},"type":"if","locations":[{"start":{"line":49,"column":4},"end":{"line":53,"column":5}},{"start":{"line":51,"column":11},"end":{"line":53,"column":5}}],"line":49},"1":{"loc":{"start":{"line":70,"column":4},"end":{"line":74,"column":5}},"type":"if","locations":[{"start":{"line":70,"column":4},"end":{"line":74,"column":5}},{"start":{"line":72,"column":11},"end":{"line":74,"column":5}}],"line":70},"2":{"loc":{"start":{"line":87,"column":4},"end":{"line":91,"column":5}},"type":"if","locations":[{"start":{"line":87,"column":4},"end":{"line":91,"column":5}},{"start":{"line":89,"column":11},"end":{"line":91,"column":5}}],"line":87}},"s":{"0":1,"1":1,"2":1,"3":1,"4":1,"5":1,"6":1,"7":1,"8":1,"9":1,"10":0,"11":0,"12":1,"13":1,"14":1,"15":1,"16":0,"17":0,"18":1,"19":2,"20":2,"21":2,"22":2,"23":1,"24":1,"25":0,"26":0,"27":1,"28":2,"29":2,"30":2,"31":2,"32":2,"33":1,"34":1,"35":0,"36":0,"37":1,"38":2,"39":2,"40":2,"41":2,"42":1,"43":1,"44":0,"45":0,"46":1,"47":0,"48":0,"49":0,"50":0,"51":0,"52":0,"53":1,"54":0,"55":0,"56":0,"57":0,"58":0,"59":0},"f":{"0":1,"1":1,"2":2,"3":2,"4":2,"5":0,"6":0},"b":{"0":[1,1],"1":[1,1],"2":[1,1]},"inputSourceMap":null,"_coverageSchema":"1a1c01bbd47fc00a2c39e90264f33305004495a9","hash":"cf5da83457c41df16a7f9cc1057fd5f55c7bdea7"}
,"C:\\Users\\bruno\\OneDrive\\Documents\\GitHub\\nuh\\Church-Schedule\\Codigo\\server\\routers\\cargosRoute.js": {"path":"C:\\Users\\bruno\\OneDrive\\Documents\\GitHub\\nuh\\Church-Schedule\\Codigo\\server\\routers\\cargosRoute.js","statementMap":{"0":{"start":{"line":6,"column":15},"end":{"line":6,"column":31}},"1":{"start":{"line":8,"column":20},"end":{"line":11,"column":1}},"2":{"start":{"line":13,"column":0},"end":{"line":13,"column":30}},"3":{"start":{"line":15,"column":0},"end":{"line":15,"column":27}},"4":{"start":{"line":16,"column":0},"end":{"line":16,"column":54}},"5":{"start":{"line":19,"column":0},"end":{"line":27,"column":5}},"6":{"start":{"line":20,"column":4},"end":{"line":26,"column":5}},"7":{"start":{"line":21,"column":26},"end":{"line":21,"column":71}},"8":{"start":{"line":22,"column":6},"end":{"line":22,"column":33}},"9":{"start":{"line":24,"column":6},"end":{"line":24,"column":23}},"10":{"start":{"line":25,"column":6},"end":{"line":25,"column":36}},"11":{"start":{"line":32,"column":0},"end":{"line":41,"column":4}},"12":{"start":{"line":33,"column":20},"end":{"line":33,"column":30}},"13":{"start":{"line":34,"column":4},"end":{"line":40,"column":5}},"14":{"start":{"line":35,"column":26},"end":{"line":35,"column":100}},"15":{"start":{"line":36,"column":6},"end":{"line":36,"column":33}},"16":{"start":{"line":38,"column":6},"end":{"line":38,"column":23}},"17":{"start":{"line":39,"column":6},"end":{"line":39,"column":36}},"18":{"start":{"line":46,"column":2},"end":{"line":55,"column":4}},"19":{"start":{"line":47,"column":21},"end":{"line":47,"column":31}},"20":{"start":{"line":48,"column":4},"end":{"line":54,"column":5}},"21":{"start":{"line":49,"column":26},"end":{"line":49,"column":100}},"22":{"start":{"line":50,"column":6},"end":{"line":50,"column":36}},"23":{"start":{"line":52,"column":6},"end":{"line":52,"column":23}},"24":{"start":{"line":53,"column":6},"end":{"line":53,"column":36}},"25":{"start":{"line":59,"column":2},"end":{"line":69,"column":5}},"26":{"start":{"line":60,"column":19},"end":{"line":60,"column":29}},"27":{"start":{"line":62,"column":4},"end":{"line":68,"column":5}},"28":{"start":{"line":63,"column":26},"end":{"line":63,"column":99}},"29":{"start":{"line":64,"column":6},"end":{"line":64,"column":33}},"30":{"start":{"line":66,"column":6},"end":{"line":66,"column":23}},"31":{"start":{"line":67,"column":6},"end":{"line":67,"column":36}},"32":{"start":{"line":72,"column":2},"end":{"line":82,"column":5}},"33":{"start":{"line":73,"column":19},"end":{"line":73,"column":29}},"34":{"start":{"line":75,"column":4},"end":{"line":81,"column":5}},"35":{"start":{"line":76,"column":26},"end":{"line":76,"column":100}},"36":{"start":{"line":77,"column":6},"end":{"line":77,"column":33}},"37":{"start":{"line":79,"column":6},"end":{"line":79,"column":23}},"38":{"start":{"line":80,"column":6},"end":{"line":80,"column":36}}},"fnMap":{"0":{"name":"(anonymous_0)","decl":{"start":{"line":19,"column":26},"end":{"line":19,"column":27}},"loc":{"start":{"line":19,"column":46},"end":{"line":27,"column":3}},"line":19},"1":{"name":"(anonymous_1)","decl":{"start":{"line":32,"column":31},"end":{"line":32,"column":32}},"loc":{"start":{"line":32,"column":51},"end":{"line":41,"column":3}},"line":32},"2":{"name":"(anonymous_2)","decl":{"start":{"line":46,"column":23},"end":{"line":46,"column":24}},"loc":{"start":{"line":46,"column":43},"end":{"line":55,"column":3}},"line":46},"3":{"name":"(anonymous_3)","decl":{"start":{"line":59,"column":26},"end":{"line":59,"column":27}},"loc":{"start":{"line":59,"column":46},"end":{"line":69,"column":3}},"line":59},"4":{"name":"(anonymous_4)","decl":{"start":{"line":72,"column":37},"end":{"line":72,"column":38}},"loc":{"start":{"line":72,"column":57},"end":{"line":82,"column":3}},"line":72}},"branchMap":{},"s":{"0":1,"1":1,"2":1,"3":1,"4":1,"5":1,"6":2,"7":2,"8":2,"9":0,"10":0,"11":1,"12":3,"13":3,"14":3,"15":3,"16":0,"17":0,"18":1,"19":1,"20":1,"21":1,"22":1,"23":0,"24":0,"25":1,"26":1,"27":1,"28":1,"29":1,"30":0,"31":0,"32":1,"33":1,"34":1,"35":1,"36":1,"37":0,"38":0},"f":{"0":2,"1":3,"2":1,"3":1,"4":1},"b":{},"inputSourceMap":null,"_coverageSchema":"1a1c01bbd47fc00a2c39e90264f33305004495a9","hash":"90da7bec317d816b9dfad72d347f9c026f643be4"}
,"C:\\Users\\bruno\\OneDrive\\Documents\\GitHub\\nuh\\Church-Schedule\\Codigo\\server\\routers\\eventsRoute.js": {"path":"C:\\Users\\bruno\\OneDrive\\Documents\\GitHub\\nuh\\Church-Schedule\\Codigo\\server\\routers\\eventsRoute.js","statementMap":{"0":{"start":{"line":6,"column":15},"end":{"line":6,"column":31}},"1":{"start":{"line":8,"column":20},"end":{"line":11,"column":1}},"2":{"start":{"line":13,"column":0},"end":{"line":13,"column":30}},"3":{"start":{"line":15,"column":0},"end":{"line":15,"column":27}},"4":{"start":{"line":16,"column":0},"end":{"line":16,"column":54}},"5":{"start":{"line":19,"column":0},"end":{"line":27,"column":3}},"6":{"start":{"line":20,"column":2},"end":{"line":26,"column":3}},"7":{"start":{"line":21,"column":24},"end":{"line":21,"column":70}},"8":{"start":{"line":22,"column":4},"end":{"line":22,"column":31}},"9":{"start":{"line":24,"column":4},"end":{"line":24,"column":21}},"10":{"start":{"line":25,"column":4},"end":{"line":25,"column":34}},"11":{"start":{"line":30,"column":0},"end":{"line":38,"column":3}},"12":{"start":{"line":31,"column":2},"end":{"line":37,"column":3}},"13":{"start":{"line":32,"column":24},"end":{"line":32,"column":71}},"14":{"start":{"line":33,"column":4},"end":{"line":33,"column":31}},"15":{"start":{"line":35,"column":4},"end":{"line":35,"column":21}},"16":{"start":{"line":36,"column":4},"end":{"line":36,"column":34}},"17":{"start":{"line":41,"column":0},"end":{"line":50,"column":3}},"18":{"start":{"line":42,"column":27},"end":{"line":42,"column":37}},"19":{"start":{"line":43,"column":2},"end":{"line":49,"column":3}},"20":{"start":{"line":44,"column":24},"end":{"line":44,"column":121}},"21":{"start":{"line":45,"column":4},"end":{"line":45,"column":31}},"22":{"start":{"line":47,"column":4},"end":{"line":47,"column":21}},"23":{"start":{"line":48,"column":4},"end":{"line":48,"column":34}},"24":{"start":{"line":53,"column":0},"end":{"line":62,"column":2}},"25":{"start":{"line":54,"column":17},"end":{"line":54,"column":27}},"26":{"start":{"line":55,"column":2},"end":{"line":61,"column":3}},"27":{"start":{"line":56,"column":24},"end":{"line":56,"column":90}},"28":{"start":{"line":57,"column":4},"end":{"line":57,"column":34}},"29":{"start":{"line":59,"column":4},"end":{"line":59,"column":21}},"30":{"start":{"line":60,"column":4},"end":{"line":60,"column":34}},"31":{"start":{"line":65,"column":0},"end":{"line":77,"column":3}},"32":{"start":{"line":68,"column":6},"end":{"line":68,"column":14}},"33":{"start":{"line":70,"column":2},"end":{"line":76,"column":3}},"34":{"start":{"line":71,"column":24},"end":{"line":71,"column":245}},"35":{"start":{"line":72,"column":4},"end":{"line":72,"column":34}},"36":{"start":{"line":74,"column":4},"end":{"line":74,"column":21}},"37":{"start":{"line":75,"column":4},"end":{"line":75,"column":34}},"38":{"start":{"line":80,"column":0},"end":{"line":94,"column":3}},"39":{"start":{"line":81,"column":78},"end":{"line":81,"column":86}},"40":{"start":{"line":82,"column":17},"end":{"line":82,"column":27}},"41":{"start":{"line":84,"column":2},"end":{"line":93,"column":3}},"42":{"start":{"line":85,"column":24},"end":{"line":88,"column":5}},"43":{"start":{"line":89,"column":4},"end":{"line":89,"column":34}},"44":{"start":{"line":91,"column":4},"end":{"line":91,"column":21}},"45":{"start":{"line":92,"column":4},"end":{"line":92,"column":56}},"46":{"start":{"line":97,"column":0},"end":{"line":107,"column":3}},"47":{"start":{"line":98,"column":17},"end":{"line":98,"column":27}},"48":{"start":{"line":100,"column":2},"end":{"line":106,"column":3}},"49":{"start":{"line":101,"column":4},"end":{"line":101,"column":69}},"50":{"start":{"line":102,"column":4},"end":{"line":102,"column":27}},"51":{"start":{"line":104,"column":4},"end":{"line":104,"column":21}},"52":{"start":{"line":105,"column":4},"end":{"line":105,"column":34}},"53":{"start":{"line":110,"column":0},"end":{"line":129,"column":3}},"54":{"start":{"line":111,"column":17},"end":{"line":111,"column":27}},"55":{"start":{"line":113,"column":2},"end":{"line":128,"column":3}},"56":{"start":{"line":115,"column":24},"end":{"line":115,"column":98}},"57":{"start":{"line":117,"column":4},"end":{"line":123,"column":5}},"58":{"start":{"line":119,"column":6},"end":{"line":119,"column":60}},"59":{"start":{"line":122,"column":6},"end":{"line":122,"column":33}},"60":{"start":{"line":126,"column":4},"end":{"line":126,"column":21}},"61":{"start":{"line":127,"column":4},"end":{"line":127,"column":34}},"62":{"start":{"line":132,"column":0},"end":{"line":153,"column":3}},"63":{"start":{"line":133,"column":17},"end":{"line":133,"column":27}},"64":{"start":{"line":134,"column":23},"end":{"line":134,"column":31}},"65":{"start":{"line":136,"column":2},"end":{"line":138,"column":3}},"66":{"start":{"line":137,"column":4},"end":{"line":137,"column":69}},"67":{"start":{"line":140,"column":2},"end":{"line":152,"column":3}},"68":{"start":{"line":142,"column":24},"end":{"line":142,"column":123}},"69":{"start":{"line":144,"column":4},"end":{"line":148,"column":5}},"70":{"start":{"line":145,"column":6},"end":{"line":145,"column":59}},"71":{"start":{"line":147,"column":6},"end":{"line":147,"column":36}},"72":{"start":{"line":150,"column":4},"end":{"line":150,"column":21}},"73":{"start":{"line":151,"column":4},"end":{"line":151,"column":34}},"74":{"start":{"line":157,"column":0},"end":{"line":166,"column":2}},"75":{"start":{"line":158,"column":17},"end":{"line":158,"column":27}},"76":{"start":{"line":159,"column":2},"end":{"line":165,"column":3}},"77":{"start":{"line":160,"column":24},"end":{"line":160,"column":97}},"78":{"start":{"line":161,"column":4},"end":{"line":161,"column":34}},"79":{"start":{"line":163,"column":4},"end":{"line":163,"column":21}},"80":{"start":{"line":164,"column":4},"end":{"line":164,"column":34}}},"fnMap":{"0":{"name":"(anonymous_0)","decl":{"start":{"line":19,"column":16},"end":{"line":19,"column":17}},"loc":{"start":{"line":19,"column":36},"end":{"line":27,"column":1}},"line":19},"1":{"name":"(anonymous_1)","decl":{"start":{"line":30,"column":23},"end":{"line":30,"column":24}},"loc":{"start":{"line":30,"column":43},"end":{"line":38,"column":1}},"line":30},"2":{"name":"(anonymous_2)","decl":{"start":{"line":41,"column":37},"end":{"line":41,"column":38}},"loc":{"start":{"line":41,"column":57},"end":{"line":50,"column":1}},"line":41},"3":{"name":"(anonymous_3)","decl":{"start":{"line":53,"column":19},"end":{"line":53,"column":20}},"loc":{"start":{"line":53,"column":39},"end":{"line":62,"column":1}},"line":53},"4":{"name":"(anonymous_4)","decl":{"start":{"line":65,"column":17},"end":{"line":65,"column":18}},"loc":{"start":{"line":65,"column":37},"end":{"line":77,"column":1}},"line":65},"5":{"name":"(anonymous_5)","decl":{"start":{"line":80,"column":19},"end":{"line":80,"column":20}},"loc":{"start":{"line":80,"column":39},"end":{"line":94,"column":1}},"line":80},"6":{"name":"(anonymous_6)","decl":{"start":{"line":97,"column":22},"end":{"line":97,"column":23}},"loc":{"start":{"line":97,"column":42},"end":{"line":107,"column":1}},"line":97},"7":{"name":"(anonymous_7)","decl":{"start":{"line":110,"column":24},"end":{"line":110,"column":25}},"loc":{"start":{"line":110,"column":44},"end":{"line":129,"column":1}},"line":110},"8":{"name":"(anonymous_8)","decl":{"start":{"line":132,"column":30},"end":{"line":132,"column":31}},"loc":{"start":{"line":132,"column":50},"end":{"line":153,"column":1}},"line":132},"9":{"name":"(anonymous_9)","decl":{"start":{"line":157,"column":31},"end":{"line":157,"column":32}},"loc":{"start":{"line":157,"column":51},"end":{"line":166,"column":1}},"line":157}},"branchMap":{"0":{"loc":{"start":{"line":117,"column":4},"end":{"line":123,"column":5}},"type":"if","locations":[{"start":{"line":117,"column":4},"end":{"line":123,"column":5}},{"start":{"line":120,"column":11},"end":{"line":123,"column":5}}],"line":117},"1":{"loc":{"start":{"line":136,"column":2},"end":{"line":138,"column":3}},"type":"if","locations":[{"start":{"line":136,"column":2},"end":{"line":138,"column":3}},{"start":{},"end":{}}],"line":136},"2":{"loc":{"start":{"line":144,"column":4},"end":{"line":148,"column":5}},"type":"if","locations":[{"start":{"line":144,"column":4},"end":{"line":148,"column":5}},{"start":{"line":146,"column":11},"end":{"line":148,"column":5}}],"line":144}},"s":{"0":1,"1":1,"2":1,"3":1,"4":1,"5":1,"6":1,"7":1,"8":1,"9":0,"10":0,"11":1,"12":1,"13":1,"14":1,"15":0,"16":0,"17":1,"18":0,"19":0,"20":0,"21":0,"22":0,"23":0,"24":1,"25":1,"26":1,"27":1,"28":1,"29":0,"30":0,"31":1,"32":1,"33":1,"34":1,"35":1,"36":0,"37":0,"38":1,"39":1,"40":1,"41":1,"42":1,"43":1,"44":0,"45":0,"46":1,"47":1,"48":1,"49":1,"50":1,"51":0,"52":0,"53":1,"54":0,"55":0,"56":0,"57":0,"58":0,"59":0,"60":0,"61":0,"62":1,"63":2,"64":2,"65":2,"66":1,"67":1,"68":1,"69":1,"70":0,"71":1,"72":0,"73":0,"74":1,"75":0,"76":0,"77":0,"78":0,"79":0,"80":0},"f":{"0":1,"1":1,"2":0,"3":1,"4":1,"5":1,"6":1,"7":0,"8":2,"9":0},"b":{"0":[0,0],"1":[1,1],"2":[0,1]},"inputSourceMap":null,"_coverageSchema":"1a1c01bbd47fc00a2c39e90264f33305004495a9","hash":"94f8ca28e955ab81360153637614bb8a20c0e353"}
,"C:\\Users\\bruno\\OneDrive\\Documents\\GitHub\\nuh\\Church-Schedule\\Codigo\\server\\routers\\index.js": {"path":"C:\\Users\\bruno\\OneDrive\\Documents\\GitHub\\nuh\\Church-Schedule\\Codigo\\server\\routers\\index.js","statementMap":{},"fnMap":{},"branchMap":{},"s":{},"f":{},"b":{},"inputSourceMap":null}
,"C:\\Users\\bruno\\OneDrive\\Documents\\GitHub\\nuh\\Church-Schedule\\Codigo\\server\\routers\\levitasRoute.js": {"path":"C:\\Users\\bruno\\OneDrive\\Documents\\GitHub\\nuh\\Church-Schedule\\Codigo\\server\\routers\\levitasRoute.js","statementMap":{"0":{"start":{"line":5,"column":15},"end":{"line":5,"column":31}},"1":{"start":{"line":7,"column":20},"end":{"line":10,"column":1}},"2":{"start":{"line":12,"column":0},"end":{"line":12,"column":30}},"3":{"start":{"line":14,"column":0},"end":{"line":14,"column":27}},"4":{"start":{"line":17,"column":0},"end":{"line":30,"column":3}},"5":{"start":{"line":18,"column":40},"end":{"line":18,"column":48}},"6":{"start":{"line":19,"column":2},"end":{"line":19,"column":21}},"7":{"start":{"line":20,"column":2},"end":{"line":29,"column":3}},"8":{"start":{"line":21,"column":24},"end":{"line":24,"column":5}},"9":{"start":{"line":25,"column":4},"end":{"line":25,"column":46}},"10":{"start":{"line":27,"column":4},"end":{"line":27,"column":25}},"11":{"start":{"line":28,"column":4},"end":{"line":28,"column":43}},"12":{"start":{"line":33,"column":0},"end":{"line":41,"column":3}},"13":{"start":{"line":34,"column":2},"end":{"line":40,"column":3}},"14":{"start":{"line":35,"column":24},"end":{"line":35,"column":74}},"15":{"start":{"line":36,"column":4},"end":{"line":36,"column":31}},"16":{"start":{"line":38,"column":4},"end":{"line":38,"column":25}},"17":{"start":{"line":39,"column":4},"end":{"line":39,"column":43}},"18":{"start":{"line":44,"column":0},"end":{"line":57,"column":3}},"19":{"start":{"line":45,"column":17},"end":{"line":45,"column":27}},"20":{"start":{"line":46,"column":2},"end":{"line":56,"column":3}},"21":{"start":{"line":47,"column":24},"end":{"line":47,"column":98}},"22":{"start":{"line":48,"column":4},"end":{"line":52,"column":5}},"23":{"start":{"line":49,"column":6},"end":{"line":49,"column":33}},"24":{"start":{"line":51,"column":6},"end":{"line":51,"column":46}},"25":{"start":{"line":54,"column":4},"end":{"line":54,"column":25}},"26":{"start":{"line":55,"column":4},"end":{"line":55,"column":43}},"27":{"start":{"line":60,"column":0},"end":{"line":77,"column":3}},"28":{"start":{"line":61,"column":17},"end":{"line":61,"column":27}},"29":{"start":{"line":62,"column":40},"end":{"line":62,"column":48}},"30":{"start":{"line":63,"column":2},"end":{"line":76,"column":3}},"31":{"start":{"line":64,"column":24},"end":{"line":67,"column":5}},"32":{"start":{"line":68,"column":4},"end":{"line":72,"column":5}},"33":{"start":{"line":69,"column":6},"end":{"line":69,"column":36}},"34":{"start":{"line":71,"column":6},"end":{"line":71,"column":46}},"35":{"start":{"line":74,"column":4},"end":{"line":74,"column":25}},"36":{"start":{"line":75,"column":4},"end":{"line":75,"column":43}},"37":{"start":{"line":80,"column":0},"end":{"line":93,"column":3}},"38":{"start":{"line":81,"column":17},"end":{"line":81,"column":27}},"39":{"start":{"line":82,"column":2},"end":{"line":92,"column":3}},"40":{"start":{"line":83,"column":25},"end":{"line":83,"column":93}},"41":{"start":{"line":84,"column":4},"end":{"line":88,"column":5}},"42":{"start":{"line":85,"column":6},"end":{"line":85,"column":29}},"43":{"start":{"line":87,"column":6},"end":{"line":87,"column":46}},"44":{"start":{"line":90,"column":4},"end":{"line":90,"column":25}},"45":{"start":{"line":91,"column":4},"end":{"line":91,"column":43}}},"fnMap":{"0":{"name":"(anonymous_0)","decl":{"start":{"line":17,"column":17},"end":{"line":17,"column":18}},"loc":{"start":{"line":17,"column":37},"end":{"line":30,"column":1}},"line":17},"1":{"name":"(anonymous_1)","decl":{"start":{"line":33,"column":16},"end":{"line":33,"column":17}},"loc":{"start":{"line":33,"column":36},"end":{"line":41,"column":1}},"line":33},"2":{"name":"(anonymous_2)","decl":{"start":{"line":44,"column":19},"end":{"line":44,"column":20}},"loc":{"start":{"line":44,"column":39},"end":{"line":57,"column":1}},"line":44},"3":{"name":"(anonymous_3)","decl":{"start":{"line":60,"column":19},"end":{"line":60,"column":20}},"loc":{"start":{"line":60,"column":39},"end":{"line":77,"column":1}},"line":60},"4":{"name":"(anonymous_4)","decl":{"start":{"line":80,"column":22},"end":{"line":80,"column":23}},"loc":{"start":{"line":80,"column":42},"end":{"line":93,"column":1}},"line":80}},"branchMap":{"0":{"loc":{"start":{"line":48,"column":4},"end":{"line":52,"column":5}},"type":"if","locations":[{"start":{"line":48,"column":4},"end":{"line":52,"column":5}},{"start":{"line":50,"column":11},"end":{"line":52,"column":5}}],"line":48},"1":{"loc":{"start":{"line":68,"column":4},"end":{"line":72,"column":5}},"type":"if","locations":[{"start":{"line":68,"column":4},"end":{"line":72,"column":5}},{"start":{"line":70,"column":11},"end":{"line":72,"column":5}}],"line":68},"2":{"loc":{"start":{"line":84,"column":4},"end":{"line":88,"column":5}},"type":"if","locations":[{"start":{"line":84,"column":4},"end":{"line":88,"column":5}},{"start":{"line":86,"column":11},"end":{"line":88,"column":5}}],"line":84}},"s":{"0":1,"1":1,"2":1,"3":1,"4":1,"5":1,"6":1,"7":1,"8":1,"9":1,"10":0,"11":0,"12":1,"13":2,"14":2,"15":2,"16":0,"17":0,"18":1,"19":2,"20":2,"21":2,"22":2,"23":1,"24":1,"25":0,"26":0,"27":1,"28":2,"29":2,"30":2,"31":2,"32":2,"33":1,"34":1,"35":0,"36":0,"37":1,"38":2,"39":2,"40":2,"41":2,"42":1,"43":1,"44":0,"45":0},"f":{"0":1,"1":2,"2":2,"3":2,"4":2},"b":{"0":[1,1],"1":[1,1],"2":[1,1]},"inputSourceMap":null,"_coverageSchema":"1a1c01bbd47fc00a2c39e90264f33305004495a9","hash":"7c85cb466bcc63d136742c1481d73bec34533e78"}
,"C:\\Users\\bruno\\OneDrive\\Documents\\GitHub\\nuh\\Church-Schedule\\Codigo\\server\\routers\\membersRoute.js": {"path":"C:\\Users\\bruno\\OneDrive\\Documents\\GitHub\\nuh\\Church-Schedule\\Codigo\\server\\routers\\membersRoute.js","statementMap":{"0":{"start":{"line":6,"column":15},"end":{"line":6,"column":31}},"1":{"start":{"line":8,"column":20},"end":{"line":11,"column":1}},"2":{"start":{"line":13,"column":0},"end":{"line":13,"column":30}},"3":{"start":{"line":15,"column":0},"end":{"line":15,"column":27}},"4":{"start":{"line":16,"column":0},"end":{"line":16,"column":54}},"5":{"start":{"line":19,"column":0},"end":{"line":27,"column":3}},"6":{"start":{"line":20,"column":2},"end":{"line":26,"column":3}},"7":{"start":{"line":21,"column":24},"end":{"line":21,"column":71}},"8":{"start":{"line":22,"column":4},"end":{"line":22,"column":31}},"9":{"start":{"line":24,"column":4},"end":{"line":24,"column":21}},"10":{"start":{"line":25,"column":4},"end":{"line":25,"column":34}},"11":{"start":{"line":31,"column":0},"end":{"line":40,"column":3}},"12":{"start":{"line":32,"column":2},"end":{"line":39,"column":3}},"13":{"start":{"line":33,"column":18},"end":{"line":33,"column":61}},"14":{"start":{"line":34,"column":24},"end":{"line":34,"column":53}},"15":{"start":{"line":35,"column":4},"end":{"line":35,"column":31}},"16":{"start":{"line":37,"column":4},"end":{"line":37,"column":21}},"17":{"start":{"line":38,"column":4},"end":{"line":38,"column":50}},"18":{"start":{"line":43,"column":0},"end":{"line":53,"column":3}},"19":{"start":{"line":44,"column":19},"end":{"line":44,"column":29}},"20":{"start":{"line":46,"column":2},"end":{"line":52,"column":3}},"21":{"start":{"line":47,"column":24},"end":{"line":47,"column":95}},"22":{"start":{"line":48,"column":4},"end":{"line":48,"column":31}},"23":{"start":{"line":50,"column":4},"end":{"line":50,"column":21}},"24":{"start":{"line":51,"column":4},"end":{"line":51,"column":34}},"25":{"start":{"line":57,"column":0},"end":{"line":76,"column":3}},"26":{"start":{"line":58,"column":17},"end":{"line":58,"column":27}},"27":{"start":{"line":60,"column":2},"end":{"line":75,"column":3}},"28":{"start":{"line":62,"column":24},"end":{"line":62,"column":94}},"29":{"start":{"line":64,"column":4},"end":{"line":70,"column":5}},"30":{"start":{"line":66,"column":6},"end":{"line":66,"column":60}},"31":{"start":{"line":69,"column":6},"end":{"line":69,"column":33}},"32":{"start":{"line":73,"column":4},"end":{"line":73,"column":21}},"33":{"start":{"line":74,"column":4},"end":{"line":74,"column":34}},"34":{"start":{"line":80,"column":0},"end":{"line":90,"column":3}},"35":{"start":{"line":81,"column":18},"end":{"line":81,"column":28}},"36":{"start":{"line":83,"column":2},"end":{"line":89,"column":3}},"37":{"start":{"line":84,"column":24},"end":{"line":84,"column":91}},"38":{"start":{"line":85,"column":4},"end":{"line":85,"column":31}},"39":{"start":{"line":87,"column":4},"end":{"line":87,"column":21}},"40":{"start":{"line":88,"column":4},"end":{"line":88,"column":34}},"41":{"start":{"line":93,"column":2},"end":{"line":102,"column":4}},"42":{"start":{"line":94,"column":19},"end":{"line":94,"column":29}},"43":{"start":{"line":95,"column":4},"end":{"line":101,"column":5}},"44":{"start":{"line":96,"column":26},"end":{"line":96,"column":93}},"45":{"start":{"line":97,"column":6},"end":{"line":97,"column":36}},"46":{"start":{"line":99,"column":6},"end":{"line":99,"column":23}},"47":{"start":{"line":100,"column":6},"end":{"line":100,"column":36}},"48":{"start":{"line":105,"column":0},"end":{"line":115,"column":3}},"49":{"start":{"line":106,"column":19},"end":{"line":106,"column":29}},"50":{"start":{"line":108,"column":2},"end":{"line":114,"column":3}},"51":{"start":{"line":109,"column":24},"end":{"line":109,"column":123}},"52":{"start":{"line":110,"column":4},"end":{"line":110,"column":31}},"53":{"start":{"line":112,"column":4},"end":{"line":112,"column":21}},"54":{"start":{"line":113,"column":4},"end":{"line":113,"column":34}},"55":{"start":{"line":119,"column":0},"end":{"line":131,"column":3}},"56":{"start":{"line":122,"column":6},"end":{"line":122,"column":14}},"57":{"start":{"line":124,"column":2},"end":{"line":130,"column":3}},"58":{"start":{"line":125,"column":24},"end":{"line":125,"column":194}},"59":{"start":{"line":126,"column":4},"end":{"line":126,"column":34}},"60":{"start":{"line":128,"column":4},"end":{"line":128,"column":21}},"61":{"start":{"line":129,"column":4},"end":{"line":129,"column":34}},"62":{"start":{"line":134,"column":0},"end":{"line":148,"column":3}},"63":{"start":{"line":135,"column":53},"end":{"line":135,"column":61}},"64":{"start":{"line":136,"column":17},"end":{"line":136,"column":27}},"65":{"start":{"line":138,"column":2},"end":{"line":147,"column":3}},"66":{"start":{"line":139,"column":24},"end":{"line":142,"column":5}},"67":{"start":{"line":143,"column":4},"end":{"line":143,"column":34}},"68":{"start":{"line":145,"column":4},"end":{"line":145,"column":21}},"69":{"start":{"line":146,"column":4},"end":{"line":146,"column":56}},"70":{"start":{"line":151,"column":0},"end":{"line":161,"column":3}},"71":{"start":{"line":152,"column":17},"end":{"line":152,"column":27}},"72":{"start":{"line":154,"column":2},"end":{"line":160,"column":3}},"73":{"start":{"line":155,"column":4},"end":{"line":155,"column":70}},"74":{"start":{"line":156,"column":4},"end":{"line":156,"column":27}},"75":{"start":{"line":158,"column":4},"end":{"line":158,"column":21}},"76":{"start":{"line":159,"column":4},"end":{"line":159,"column":34}}},"fnMap":{"0":{"name":"(anonymous_0)","decl":{"start":{"line":19,"column":16},"end":{"line":19,"column":17}},"loc":{"start":{"line":19,"column":36},"end":{"line":27,"column":1}},"line":19},"1":{"name":"(anonymous_1)","decl":{"start":{"line":31,"column":20},"end":{"line":31,"column":21}},"loc":{"start":{"line":31,"column":40},"end":{"line":40,"column":1}},"line":31},"2":{"name":"(anonymous_2)","decl":{"start":{"line":43,"column":26},"end":{"line":43,"column":27}},"loc":{"start":{"line":43,"column":46},"end":{"line":53,"column":1}},"line":43},"3":{"name":"(anonymous_3)","decl":{"start":{"line":57,"column":32},"end":{"line":57,"column":33}},"loc":{"start":{"line":57,"column":52},"end":{"line":76,"column":1}},"line":57},"4":{"name":"(anonymous_4)","decl":{"start":{"line":80,"column":31},"end":{"line":80,"column":32}},"loc":{"start":{"line":80,"column":51},"end":{"line":90,"column":1}},"line":80},"5":{"name":"(anonymous_5)","decl":{"start":{"line":93,"column":21},"end":{"line":93,"column":22}},"loc":{"start":{"line":93,"column":41},"end":{"line":102,"column":3}},"line":93},"6":{"name":"(anonymous_6)","decl":{"start":{"line":105,"column":26},"end":{"line":105,"column":27}},"loc":{"start":{"line":105,"column":46},"end":{"line":115,"column":1}},"line":105},"7":{"name":"(anonymous_7)","decl":{"start":{"line":119,"column":17},"end":{"line":119,"column":18}},"loc":{"start":{"line":119,"column":37},"end":{"line":131,"column":1}},"line":119},"8":{"name":"(anonymous_8)","decl":{"start":{"line":134,"column":19},"end":{"line":134,"column":20}},"loc":{"start":{"line":134,"column":39},"end":{"line":148,"column":1}},"line":134},"9":{"name":"(anonymous_9)","decl":{"start":{"line":151,"column":35},"end":{"line":151,"column":36}},"loc":{"start":{"line":151,"column":55},"end":{"line":161,"column":1}},"line":151}},"branchMap":{"0":{"loc":{"start":{"line":64,"column":4},"end":{"line":70,"column":5}},"type":"if","locations":[{"start":{"line":64,"column":4},"end":{"line":70,"column":5}},{"start":{"line":67,"column":11},"end":{"line":70,"column":5}}],"line":64}},"s":{"0":1,"1":1,"2":1,"3":1,"4":1,"5":1,"6":1,"7":1,"8":1,"9":0,"10":0,"11":1,"12":1,"13":1,"14":1,"15":1,"16":0,"17":0,"18":1,"19":1,"20":1,"21":1,"22":1,"23":0,"24":0,"25":1,"26":0,"27":0,"28":0,"29":0,"30":0,"31":0,"32":0,"33":0,"34":1,"35":1,"36":1,"37":1,"38":1,"39":0,"40":0,"41":1,"42":2,"43":2,"44":2,"45":2,"46":0,"47":0,"48":1,"49":0,"50":0,"51":0,"52":0,"53":0,"54":0,"55":1,"56":2,"57":2,"58":2,"59":1,"60":1,"61":1,"62":1,"63":1,"64":1,"65":1,"66":1,"67":1,"68":0,"69":0,"70":1,"71":1,"72":1,"73":1,"74":1,"75":0,"76":0},"f":{"0":1,"1":1,"2":1,"3":0,"4":1,"5":2,"6":0,"7":2,"8":1,"9":1},"b":{"0":[0,0]},"inputSourceMap":null,"_coverageSchema":"1a1c01bbd47fc00a2c39e90264f33305004495a9","hash":"4a36e57effca2eabb84d7159a000df497e8c0d2e"}
,"C:\\Users\\bruno\\OneDrive\\Documents\\GitHub\\nuh\\Church-Schedule\\Codigo\\server\\routers\\scalesRoute.js": {"path":"C:\\Users\\bruno\\OneDrive\\Documents\\GitHub\\nuh\\Church-Schedule\\Codigo\\server\\routers\\scalesRoute.js","statementMap":{"0":{"start":{"line":5,"column":15},"end":{"line":5,"column":31}},"1":{"start":{"line":7,"column":20},"end":{"line":10,"column":1}},"2":{"start":{"line":12,"column":0},"end":{"line":12,"column":30}},"3":{"start":{"line":14,"column":0},"end":{"line":14,"column":27}},"4":{"start":{"line":15,"column":0},"end":{"line":15,"column":54}},"5":{"start":{"line":18,"column":0},"end":{"line":26,"column":3}},"6":{"start":{"line":19,"column":2},"end":{"line":25,"column":3}},"7":{"start":{"line":20,"column":24},"end":{"line":20,"column":69}},"8":{"start":{"line":21,"column":4},"end":{"line":21,"column":31}},"9":{"start":{"line":23,"column":4},"end":{"line":23,"column":21}},"10":{"start":{"line":24,"column":4},"end":{"line":24,"column":34}},"11":{"start":{"line":29,"column":0},"end":{"line":41,"column":3}},"12":{"start":{"line":30,"column":17},"end":{"line":30,"column":27}},"13":{"start":{"line":31,"column":2},"end":{"line":40,"column":3}},"14":{"start":{"line":32,"column":24},"end":{"line":35,"column":5}},"15":{"start":{"line":36,"column":4},"end":{"line":36,"column":31}},"16":{"start":{"line":38,"column":4},"end":{"line":38,"column":21}},"17":{"start":{"line":39,"column":4},"end":{"line":39,"column":34}},"18":{"start":{"line":44,"column":0},"end":{"line":57,"column":3}},"19":{"start":{"line":45,"column":17},"end":{"line":45,"column":27}},"20":{"start":{"line":47,"column":2},"end":{"line":56,"column":3}},"21":{"start":{"line":48,"column":24},"end":{"line":51,"column":5}},"22":{"start":{"line":52,"column":4},"end":{"line":52,"column":31}},"23":{"start":{"line":54,"column":4},"end":{"line":54,"column":21}},"24":{"start":{"line":55,"column":4},"end":{"line":55,"column":34}},"25":{"start":{"line":60,"column":0},"end":{"line":73,"column":3}},"26":{"start":{"line":61,"column":17},"end":{"line":61,"column":27}},"27":{"start":{"line":63,"column":2},"end":{"line":72,"column":3}},"28":{"start":{"line":64,"column":24},"end":{"line":67,"column":5}},"29":{"start":{"line":68,"column":4},"end":{"line":68,"column":31}},"30":{"start":{"line":70,"column":4},"end":{"line":70,"column":21}},"31":{"start":{"line":71,"column":4},"end":{"line":71,"column":34}},"32":{"start":{"line":76,"column":0},"end":{"line":89,"column":3}},"33":{"start":{"line":77,"column":17},"end":{"line":77,"column":27}},"34":{"start":{"line":79,"column":2},"end":{"line":88,"column":3}},"35":{"start":{"line":80,"column":24},"end":{"line":83,"column":5}},"36":{"start":{"line":84,"column":4},"end":{"line":84,"column":31}},"37":{"start":{"line":86,"column":4},"end":{"line":86,"column":21}},"38":{"start":{"line":87,"column":4},"end":{"line":87,"column":34}},"39":{"start":{"line":92,"column":0},"end":{"line":105,"column":3}},"40":{"start":{"line":93,"column":33},"end":{"line":93,"column":43}},"41":{"start":{"line":95,"column":2},"end":{"line":104,"column":3}},"42":{"start":{"line":96,"column":24},"end":{"line":99,"column":5}},"43":{"start":{"line":100,"column":4},"end":{"line":100,"column":31}},"44":{"start":{"line":102,"column":4},"end":{"line":102,"column":21}},"45":{"start":{"line":103,"column":4},"end":{"line":103,"column":34}},"46":{"start":{"line":108,"column":0},"end":{"line":121,"column":3}},"47":{"start":{"line":109,"column":33},"end":{"line":109,"column":43}},"48":{"start":{"line":111,"column":2},"end":{"line":120,"column":3}},"49":{"start":{"line":112,"column":24},"end":{"line":115,"column":5}},"50":{"start":{"line":116,"column":4},"end":{"line":116,"column":31}},"51":{"start":{"line":118,"column":4},"end":{"line":118,"column":21}},"52":{"start":{"line":119,"column":4},"end":{"line":119,"column":34}},"53":{"start":{"line":124,"column":0},"end":{"line":137,"column":3}},"54":{"start":{"line":125,"column":33},"end":{"line":125,"column":43}},"55":{"start":{"line":127,"column":2},"end":{"line":136,"column":3}},"56":{"start":{"line":128,"column":24},"end":{"line":131,"column":5}},"57":{"start":{"line":132,"column":4},"end":{"line":132,"column":31}},"58":{"start":{"line":134,"column":4},"end":{"line":134,"column":21}},"59":{"start":{"line":135,"column":4},"end":{"line":135,"column":34}},"60":{"start":{"line":140,"column":0},"end":{"line":153,"column":3}},"61":{"start":{"line":141,"column":44},"end":{"line":141,"column":52}},"62":{"start":{"line":143,"column":2},"end":{"line":152,"column":3}},"63":{"start":{"line":144,"column":24},"end":{"line":147,"column":5}},"64":{"start":{"line":148,"column":4},"end":{"line":148,"column":34}},"65":{"start":{"line":150,"column":4},"end":{"line":150,"column":21}},"66":{"start":{"line":151,"column":4},"end":{"line":151,"column":34}},"67":{"start":{"line":156,"column":0},"end":{"line":164,"column":3}},"68":{"start":{"line":157,"column":2},"end":{"line":163,"column":3}},"69":{"start":{"line":158,"column":24},"end":{"line":158,"column":75}},"70":{"start":{"line":159,"column":4},"end":{"line":159,"column":34}},"71":{"start":{"line":161,"column":4},"end":{"line":161,"column":21}},"72":{"start":{"line":162,"column":4},"end":{"line":162,"column":34}},"73":{"start":{"line":167,"column":0},"end":{"line":179,"column":3}},"74":{"start":{"line":168,"column":17},"end":{"line":168,"column":27}},"75":{"start":{"line":169,"column":2},"end":{"line":178,"column":3}},"76":{"start":{"line":170,"column":24},"end":{"line":173,"column":5}},"77":{"start":{"line":174,"column":4},"end":{"line":174,"column":31}},"78":{"start":{"line":176,"column":4},"end":{"line":176,"column":21}},"79":{"start":{"line":177,"column":4},"end":{"line":177,"column":34}},"80":{"start":{"line":182,"column":0},"end":{"line":196,"column":3}},"81":{"start":{"line":183,"column":48},"end":{"line":183,"column":56}},"82":{"start":{"line":186,"column":2},"end":{"line":195,"column":3}},"83":{"start":{"line":187,"column":24},"end":{"line":190,"column":5}},"84":{"start":{"line":191,"column":4},"end":{"line":191,"column":34}},"85":{"start":{"line":193,"column":4},"end":{"line":193,"column":21}},"86":{"start":{"line":194,"column":4},"end":{"line":194,"column":56}},"87":{"start":{"line":199,"column":0},"end":{"line":209,"column":3}},"88":{"start":{"line":200,"column":17},"end":{"line":200,"column":27}},"89":{"start":{"line":202,"column":2},"end":{"line":208,"column":3}},"90":{"start":{"line":203,"column":4},"end":{"line":203,"column":75}},"91":{"start":{"line":204,"column":4},"end":{"line":204,"column":27}},"92":{"start":{"line":206,"column":4},"end":{"line":206,"column":21}},"93":{"start":{"line":207,"column":4},"end":{"line":207,"column":34}},"94":{"start":{"line":212,"column":0},"end":{"line":222,"column":3}},"95":{"start":{"line":213,"column":17},"end":{"line":213,"column":27}},"96":{"start":{"line":215,"column":2},"end":{"line":221,"column":3}},"97":{"start":{"line":216,"column":4},"end":{"line":216,"column":74}},"98":{"start":{"line":217,"column":4},"end":{"line":217,"column":27}},"99":{"start":{"line":219,"column":4},"end":{"line":219,"column":21}},"100":{"start":{"line":220,"column":4},"end":{"line":220,"column":34}},"101":{"start":{"line":225,"column":0},"end":{"line":237,"column":3}},"102":{"start":{"line":226,"column":31},"end":{"line":226,"column":41}},"103":{"start":{"line":227,"column":2},"end":{"line":236,"column":3}},"104":{"start":{"line":228,"column":24},"end":{"line":231,"column":5}},"105":{"start":{"line":232,"column":4},"end":{"line":232,"column":31}},"106":{"start":{"line":234,"column":4},"end":{"line":234,"column":21}},"107":{"start":{"line":235,"column":4},"end":{"line":235,"column":34}}},"fnMap":{"0":{"name":"(anonymous_0)","decl":{"start":{"line":18,"column":29},"end":{"line":18,"column":30}},"loc":{"start":{"line":18,"column":49},"end":{"line":26,"column":1}},"line":18},"1":{"name":"(anonymous_1)","decl":{"start":{"line":29,"column":26},"end":{"line":29,"column":27}},"loc":{"start":{"line":29,"column":46},"end":{"line":41,"column":1}},"line":29},"2":{"name":"(anonymous_2)","decl":{"start":{"line":44,"column":28},"end":{"line":44,"column":29}},"loc":{"start":{"line":44,"column":48},"end":{"line":57,"column":1}},"line":44},"3":{"name":"(anonymous_3)","decl":{"start":{"line":60,"column":26},"end":{"line":60,"column":27}},"loc":{"start":{"line":60,"column":46},"end":{"line":73,"column":1}},"line":60},"4":{"name":"(anonymous_4)","decl":{"start":{"line":76,"column":25},"end":{"line":76,"column":26}},"loc":{"start":{"line":76,"column":45},"end":{"line":89,"column":1}},"line":76},"5":{"name":"(anonymous_5)","decl":{"start":{"line":92,"column":51},"end":{"line":92,"column":52}},"loc":{"start":{"line":92,"column":71},"end":{"line":105,"column":1}},"line":92},"6":{"name":"(anonymous_6)","decl":{"start":{"line":108,"column":49},"end":{"line":108,"column":50}},"loc":{"start":{"line":108,"column":69},"end":{"line":121,"column":1}},"line":108},"7":{"name":"(anonymous_7)","decl":{"start":{"line":124,"column":48},"end":{"line":124,"column":49}},"loc":{"start":{"line":124,"column":68},"end":{"line":137,"column":1}},"line":124},"8":{"name":"(anonymous_8)","decl":{"start":{"line":140,"column":17},"end":{"line":140,"column":18}},"loc":{"start":{"line":140,"column":37},"end":{"line":153,"column":1}},"line":140},"9":{"name":"(anonymous_9)","decl":{"start":{"line":156,"column":22},"end":{"line":156,"column":23}},"loc":{"start":{"line":156,"column":42},"end":{"line":164,"column":1}},"line":156},"10":{"name":"(anonymous_10)","decl":{"start":{"line":167,"column":19},"end":{"line":167,"column":20}},"loc":{"start":{"line":167,"column":39},"end":{"line":179,"column":1}},"line":167},"11":{"name":"(anonymous_11)","decl":{"start":{"line":182,"column":25},"end":{"line":182,"column":26}},"loc":{"start":{"line":182,"column":45},"end":{"line":196,"column":1}},"line":182},"12":{"name":"(anonymous_12)","decl":{"start":{"line":199,"column":29},"end":{"line":199,"column":30}},"loc":{"start":{"line":199,"column":49},"end":{"line":209,"column":1}},"line":199},"13":{"name":"(anonymous_13)","decl":{"start":{"line":212,"column":36},"end":{"line":212,"column":37}},"loc":{"start":{"line":212,"column":56},"end":{"line":222,"column":1}},"line":212},"14":{"name":"(anonymous_14)","decl":{"start":{"line":225,"column":41},"end":{"line":225,"column":42}},"loc":{"start":{"line":225,"column":61},"end":{"line":237,"column":1}},"line":225}},"branchMap":{},"s":{"0":1,"1":1,"2":1,"3":1,"4":1,"5":1,"6":1,"7":1,"8":1,"9":0,"10":0,"11":1,"12":1,"13":1,"14":1,"15":1,"16":0,"17":0,"18":1,"19":1,"20":1,"21":1,"22":1,"23":0,"24":0,"25":1,"26":1,"27":1,"28":1,"29":1,"30":0,"31":0,"32":1,"33":1,"34":1,"35":1,"36":1,"37":0,"38":0,"39":1,"40":0,"41":0,"42":0,"43":0,"44":0,"45":0,"46":1,"47":0,"48":0,"49":0,"50":0,"51":0,"52":0,"53":1,"54":0,"55":0,"56":0,"57":0,"58":0,"59":0,"60":1,"61":1,"62":1,"63":1,"64":1,"65":0,"66":0,"67":1,"68":0,"69":0,"70":0,"71":0,"72":0,"73":1,"74":1,"75":1,"76":1,"77":1,"78":0,"79":0,"80":1,"81":0,"82":0,"83":0,"84":0,"85":0,"86":0,"87":1,"88":1,"89":1,"90":1,"91":1,"92":0,"93":0,"94":1,"95":0,"96":0,"97":0,"98":0,"99":0,"100":0,"101":1,"102":0,"103":0,"104":0,"105":0,"106":0,"107":0},"f":{"0":1,"1":1,"2":1,"3":1,"4":1,"5":0,"6":0,"7":0,"8":1,"9":0,"10":1,"11":0,"12":1,"13":0,"14":0},"b":{},"inputSourceMap":null,"_coverageSchema":"1a1c01bbd47fc00a2c39e90264f33305004495a9","hash":"f024b4edd382a9d5de3bfd6d75a2432cebad11f7"}
,"C:\\Users\\bruno\\OneDrive\\Documents\\GitHub\\nuh\\Church-Schedule\\Codigo\\server\\routers\\unavailableRoute.js": {"path":"C:\\Users\\bruno\\OneDrive\\Documents\\GitHub\\nuh\\Church-Schedule\\Codigo\\server\\routers\\unavailableRoute.js","statementMap":{"0":{"start":{"line":5,"column":15},"end":{"line":5,"column":31}},"1":{"start":{"line":7,"column":20},"end":{"line":10,"column":1}},"2":{"start":{"line":12,"column":0},"end":{"line":12,"column":30}},"3":{"start":{"line":14,"column":0},"end":{"line":14,"column":27}},"4":{"start":{"line":17,"column":0},"end":{"line":30,"column":3}},"5":{"start":{"line":18,"column":44},"end":{"line":18,"column":52}},"6":{"start":{"line":20,"column":2},"end":{"line":29,"column":3}},"7":{"start":{"line":21,"column":24},"end":{"line":24,"column":5}},"8":{"start":{"line":25,"column":4},"end":{"line":25,"column":34}},"9":{"start":{"line":27,"column":4},"end":{"line":27,"column":21}},"10":{"start":{"line":28,"column":4},"end":{"line":28,"column":34}},"11":{"start":{"line":33,"column":0},"end":{"line":45,"column":3}},"12":{"start":{"line":34,"column":17},"end":{"line":34,"column":27}},"13":{"start":{"line":35,"column":2},"end":{"line":44,"column":3}},"14":{"start":{"line":36,"column":24},"end":{"line":39,"column":5}},"15":{"start":{"line":40,"column":4},"end":{"line":40,"column":31}},"16":{"start":{"line":42,"column":4},"end":{"line":42,"column":21}},"17":{"start":{"line":43,"column":4},"end":{"line":43,"column":34}},"18":{"start":{"line":48,"column":0},"end":{"line":60,"column":3}},"19":{"start":{"line":49,"column":17},"end":{"line":49,"column":27}},"20":{"start":{"line":50,"column":2},"end":{"line":59,"column":3}},"21":{"start":{"line":51,"column":24},"end":{"line":54,"column":5}},"22":{"start":{"line":55,"column":4},"end":{"line":55,"column":31}},"23":{"start":{"line":57,"column":4},"end":{"line":57,"column":21}},"24":{"start":{"line":58,"column":4},"end":{"line":58,"column":34}},"25":{"start":{"line":63,"column":0},"end":{"line":75,"column":3}},"26":{"start":{"line":64,"column":2},"end":{"line":74,"column":3}},"27":{"start":{"line":65,"column":24},"end":{"line":69,"column":6}},"28":{"start":{"line":70,"column":4},"end":{"line":70,"column":31}},"29":{"start":{"line":72,"column":4},"end":{"line":72,"column":21}},"30":{"start":{"line":73,"column":4},"end":{"line":73,"column":34}},"31":{"start":{"line":78,"column":0},"end":{"line":96,"column":3}},"32":{"start":{"line":79,"column":17},"end":{"line":79,"column":27}},"33":{"start":{"line":81,"column":2},"end":{"line":95,"column":3}},"34":{"start":{"line":82,"column":24},"end":{"line":85,"column":5}},"35":{"start":{"line":87,"column":4},"end":{"line":89,"column":5}},"36":{"start":{"line":88,"column":6},"end":{"line":88,"column":70}},"37":{"start":{"line":91,"column":4},"end":{"line":91,"column":34}},"38":{"start":{"line":93,"column":4},"end":{"line":93,"column":21}},"39":{"start":{"line":94,"column":4},"end":{"line":94,"column":34}}},"fnMap":{"0":{"name":"(anonymous_0)","decl":{"start":{"line":17,"column":17},"end":{"line":17,"column":18}},"loc":{"start":{"line":17,"column":37},"end":{"line":30,"column":1}},"line":17},"1":{"name":"(anonymous_1)","decl":{"start":{"line":33,"column":19},"end":{"line":33,"column":20}},"loc":{"start":{"line":33,"column":39},"end":{"line":45,"column":1}},"line":33},"2":{"name":"(anonymous_2)","decl":{"start":{"line":48,"column":26},"end":{"line":48,"column":27}},"loc":{"start":{"line":48,"column":46},"end":{"line":60,"column":1}},"line":48},"3":{"name":"(anonymous_3)","decl":{"start":{"line":63,"column":16},"end":{"line":63,"column":17}},"loc":{"start":{"line":63,"column":36},"end":{"line":75,"column":1}},"line":63},"4":{"name":"(anonymous_4)","decl":{"start":{"line":78,"column":22},"end":{"line":78,"column":23}},"loc":{"start":{"line":78,"column":42},"end":{"line":96,"column":1}},"line":78}},"branchMap":{"0":{"loc":{"start":{"line":87,"column":4},"end":{"line":89,"column":5}},"type":"if","locations":[{"start":{"line":87,"column":4},"end":{"line":89,"column":5}},{"start":{},"end":{}}],"line":87}},"s":{"0":1,"1":1,"2":1,"3":1,"4":1,"5":1,"6":1,"7":1,"8":1,"9":0,"10":0,"11":1,"12":1,"13":1,"14":1,"15":1,"16":0,"17":0,"18":1,"19":1,"20":1,"21":1,"22":1,"23":0,"24":0,"25":1,"26":2,"27":2,"28":2,"29":0,"30":0,"31":1,"32":0,"33":0,"34":0,"35":0,"36":0,"37":0,"38":0,"39":0},"f":{"0":1,"1":1,"2":1,"3":2,"4":0},"b":{"0":[0,0]},"inputSourceMap":null,"_coverageSchema":"1a1c01bbd47fc00a2c39e90264f33305004495a9","hash":"74f2dbd06835e73a7e0f9b8c69736b22ab4a9fc1"}
,"C:\\Users\\bruno\\OneDrive\\Documents\\GitHub\\nuh\\Church-Schedule\\Codigo\\server\\routers\\usersRoute.js": {"path":"C:\\Users\\bruno\\OneDrive\\Documents\\GitHub\\nuh\\Church-Schedule\\Codigo\\server\\routers\\usersRoute.js","statementMap":{"0":{"start":{"line":8,"column":15},"end":{"line":8,"column":31}},"1":{"start":{"line":10,"column":20},"end":{"line":13,"column":1}},"2":{"start":{"line":15,"column":0},"end":{"line":15,"column":30}},"3":{"start":{"line":17,"column":0},"end":{"line":17,"column":27}},"4":{"start":{"line":18,"column":0},"end":{"line":18,"column":54}},"5":{"start":{"line":21,"column":0},"end":{"line":29,"column":3}},"6":{"start":{"line":22,"column":2},"end":{"line":28,"column":3}},"7":{"start":{"line":23,"column":24},"end":{"line":23,"column":69}},"8":{"start":{"line":24,"column":4},"end":{"line":24,"column":31}},"9":{"start":{"line":26,"column":4},"end":{"line":26,"column":21}},"10":{"start":{"line":27,"column":4},"end":{"line":27,"column":34}},"11":{"start":{"line":31,"column":0},"end":{"line":46,"column":3}},"12":{"start":{"line":32,"column":30},"end":{"line":32,"column":38}},"13":{"start":{"line":34,"column":2},"end":{"line":45,"column":3}},"14":{"start":{"line":35,"column":24},"end":{"line":35,"column":123}},"15":{"start":{"line":37,"column":4},"end":{"line":41,"column":5}},"16":{"start":{"line":38,"column":6},"end":{"line":38,"column":45}},"17":{"start":{"line":40,"column":6},"end":{"line":40,"column":41}},"18":{"start":{"line":43,"column":4},"end":{"line":43,"column":21}},"19":{"start":{"line":44,"column":4},"end":{"line":44,"column":34}},"20":{"start":{"line":48,"column":0},"end":{"line":65,"column":3}},"21":{"start":{"line":49,"column":30},"end":{"line":49,"column":38}},"22":{"start":{"line":51,"column":2},"end":{"line":64,"column":3}},"23":{"start":{"line":52,"column":24},"end":{"line":52,"column":95}},"24":{"start":{"line":54,"column":4},"end":{"line":60,"column":5}},"25":{"start":{"line":55,"column":6},"end":{"line":55,"column":103}},"26":{"start":{"line":57,"column":6},"end":{"line":57,"column":58}},"27":{"start":{"line":59,"column":6},"end":{"line":59,"column":49}},"28":{"start":{"line":62,"column":4},"end":{"line":62,"column":21}},"29":{"start":{"line":63,"column":4},"end":{"line":63,"column":34}}},"fnMap":{"0":{"name":"(anonymous_0)","decl":{"start":{"line":21,"column":16},"end":{"line":21,"column":17}},"loc":{"start":{"line":21,"column":36},"end":{"line":29,"column":1}},"line":21},"1":{"name":"(anonymous_1)","decl":{"start":{"line":31,"column":22},"end":{"line":31,"column":23}},"loc":{"start":{"line":31,"column":42},"end":{"line":46,"column":1}},"line":31},"2":{"name":"(anonymous_2)","decl":{"start":{"line":48,"column":25},"end":{"line":48,"column":26}},"loc":{"start":{"line":48,"column":45},"end":{"line":65,"column":1}},"line":48}},"branchMap":{"0":{"loc":{"start":{"line":37,"column":4},"end":{"line":41,"column":5}},"type":"if","locations":[{"start":{"line":37,"column":4},"end":{"line":41,"column":5}},{"start":{"line":39,"column":11},"end":{"line":41,"column":5}}],"line":37},"1":{"loc":{"start":{"line":54,"column":4},"end":{"line":60,"column":5}},"type":"if","locations":[{"start":{"line":54,"column":4},"end":{"line":60,"column":5}},{"start":{"line":58,"column":11},"end":{"line":60,"column":5}}],"line":54}},"s":{"0":1,"1":1,"2":1,"3":1,"4":1,"5":1,"6":1,"7":1,"8":1,"9":0,"10":0,"11":1,"12":3,"13":3,"14":3,"15":3,"16":1,"17":2,"18":0,"19":0,"20":1,"21":2,"22":2,"23":2,"24":2,"25":1,"26":1,"27":1,"28":0,"29":0},"f":{"0":1,"1":3,"2":2},"b":{"0":[1,2],"1":[1,1]},"inputSourceMap":null,"_coverageSchema":"1a1c01bbd47fc00a2c39e90264f33305004495a9","hash":"e64a1e551f3ae401d17e9deef5013b45b1aa073e"}
,"C:\\Users\\bruno\\OneDrive\\Documents\\GitHub\\nuh\\Church-Schedule\\Codigo\\server\\routers\\volunteersRoute.js": {"path":"C:\\Users\\bruno\\OneDrive\\Documents\\GitHub\\nuh\\Church-Schedule\\Codigo\\server\\routers\\volunteersRoute.js","statementMap":{"0":{"start":{"line":6,"column":15},"end":{"line":6,"column":31}},"1":{"start":{"line":8,"column":20},"end":{"line":11,"column":1}},"2":{"start":{"line":13,"column":0},"end":{"line":13,"column":30}},"3":{"start":{"line":15,"column":0},"end":{"line":15,"column":27}},"4":{"start":{"line":16,"column":0},"end":{"line":16,"column":54}},"5":{"start":{"line":19,"column":0},"end":{"line":32,"column":3}},"6":{"start":{"line":20,"column":35},"end":{"line":20,"column":43}},"7":{"start":{"line":22,"column":2},"end":{"line":31,"column":3}},"8":{"start":{"line":23,"column":24},"end":{"line":26,"column":5}},"9":{"start":{"line":27,"column":4},"end":{"line":27,"column":34}},"10":{"start":{"line":29,"column":4},"end":{"line":29,"column":21}},"11":{"start":{"line":30,"column":4},"end":{"line":30,"column":34}},"12":{"start":{"line":34,"column":0},"end":{"line":42,"column":3}},"13":{"start":{"line":35,"column":2},"end":{"line":41,"column":3}},"14":{"start":{"line":36,"column":24},"end":{"line":36,"column":74}},"15":{"start":{"line":37,"column":4},"end":{"line":37,"column":31}},"16":{"start":{"line":39,"column":4},"end":{"line":39,"column":21}},"17":{"start":{"line":40,"column":4},"end":{"line":40,"column":34}},"18":{"start":{"line":45,"column":0},"end":{"line":57,"column":3}},"19":{"start":{"line":46,"column":22},"end":{"line":46,"column":32}},"20":{"start":{"line":47,"column":2},"end":{"line":56,"column":3}},"21":{"start":{"line":48,"column":24},"end":{"line":51,"column":5}},"22":{"start":{"line":52,"column":4},"end":{"line":52,"column":31}},"23":{"start":{"line":54,"column":4},"end":{"line":54,"column":21}},"24":{"start":{"line":55,"column":4},"end":{"line":55,"column":34}},"25":{"start":{"line":60,"column":0},"end":{"line":72,"column":3}},"26":{"start":{"line":61,"column":22},"end":{"line":61,"column":32}},"27":{"start":{"line":63,"column":2},"end":{"line":71,"column":3}},"28":{"start":{"line":64,"column":4},"end":{"line":66,"column":7}},"29":{"start":{"line":67,"column":4},"end":{"line":67,"column":27}},"30":{"start":{"line":69,"column":4},"end":{"line":69,"column":21}},"31":{"start":{"line":70,"column":4},"end":{"line":70,"column":34}},"32":{"start":{"line":75,"column":0},"end":{"line":85,"column":3}},"33":{"start":{"line":76,"column":2},"end":{"line":84,"column":3}},"34":{"start":{"line":77,"column":24},"end":{"line":79,"column":5}},"35":{"start":{"line":80,"column":4},"end":{"line":80,"column":40}},"36":{"start":{"line":82,"column":4},"end":{"line":82,"column":21}},"37":{"start":{"line":83,"column":4},"end":{"line":83,"column":34}}},"fnMap":{"0":{"name":"(anonymous_0)","decl":{"start":{"line":19,"column":17},"end":{"line":19,"column":18}},"loc":{"start":{"line":19,"column":37},"end":{"line":32,"column":1}},"line":19},"1":{"name":"(anonymous_1)","decl":{"start":{"line":34,"column":19},"end":{"line":34,"column":20}},"loc":{"start":{"line":34,"column":39},"end":{"line":42,"column":1}},"line":34},"2":{"name":"(anonymous_2)","decl":{"start":{"line":45,"column":24},"end":{"line":45,"column":25}},"loc":{"start":{"line":45,"column":44},"end":{"line":57,"column":1}},"line":45},"3":{"name":"(anonymous_3)","decl":{"start":{"line":60,"column":34},"end":{"line":60,"column":35}},"loc":{"start":{"line":60,"column":54},"end":{"line":72,"column":1}},"line":60},"4":{"name":"(anonymous_4)","decl":{"start":{"line":75,"column":24},"end":{"line":75,"column":25}},"loc":{"start":{"line":75,"column":44},"end":{"line":85,"column":1}},"line":75}},"branchMap":{},"s":{"0":1,"1":1,"2":1,"3":1,"4":1,"5":1,"6":1,"7":1,"8":1,"9":1,"10":0,"11":0,"12":1,"13":1,"14":1,"15":1,"16":0,"17":0,"18":1,"19":1,"20":1,"21":1,"22":1,"23":0,"24":0,"25":1,"26":1,"27":1,"28":1,"29":1,"30":0,"31":0,"32":1,"33":0,"34":0,"35":0,"36":0,"37":0},"f":{"0":1,"1":1,"2":1,"3":1,"4":0},"b":{},"inputSourceMap":null,"_coverageSchema":"1a1c01bbd47fc00a2c39e90264f33305004495a9","hash":"fb571a3f5460fb96127f45685a8be50468f22ca5"}
}
