TN:
SF:routers\bandsRoute.js
FN:17,(anonymous_0)
FN:34,(anonymous_1)
FN:45,(anonymous_2)
FN:61,(anonymous_3)
FN:82,(anonymous_4)
FN:98,(anonymous_5)
FN:110,(anonymous_6)
FNF:7
FNH:5
FNDA:1,(anonymous_0)
FNDA:1,(anonymous_1)
FNDA:2,(anonymous_2)
FNDA:2,(anonymous_3)
FNDA:2,(anonymous_4)
FNDA:0,(anonymous_5)
FNDA:0,(anonymous_6)
DA:5,1
DA:7,1
DA:12,1
DA:14,1
DA:17,1
DA:18,1
DA:19,1
DA:21,1
DA:22,1
DA:26,1
DA:28,0
DA:29,0
DA:34,1
DA:35,1
DA:36,1
DA:37,1
DA:39,0
DA:40,0
DA:45,1
DA:46,2
DA:47,2
DA:48,2
DA:49,2
DA:50,1
DA:52,1
DA:55,0
DA:56,0
DA:61,1
DA:62,2
DA:63,2
DA:65,2
DA:66,2
DA:70,2
DA:71,1
DA:73,1
DA:76,0
DA:77,0
DA:82,1
DA:83,2
DA:85,2
DA:86,2
DA:87,2
DA:88,1
DA:90,1
DA:93,0
DA:94,0
DA:98,1
DA:99,0
DA:100,0
DA:101,0
DA:102,0
DA:104,0
DA:105,0
DA:110,1
DA:111,0
DA:113,0
DA:114,0
DA:115,0
DA:117,0
DA:118,0
LF:60
LH:38
BRDA:49,0,0,1
BRDA:49,0,1,1
BRDA:70,1,0,1
BRDA:70,1,1,1
BRDA:87,2,0,1
BRDA:87,2,1,1
BRF:6
BRH:6
end_of_record
TN:
SF:routers\cargosRoute.js
FN:19,(anonymous_0)
FN:32,(anonymous_1)
FN:46,(anonymous_2)
FN:59,(anonymous_3)
FN:72,(anonymous_4)
FNF:5
FNH:5
FNDA:2,(anonymous_0)
FNDA:3,(anonymous_1)
FNDA:1,(anonymous_2)
FNDA:1,(anonymous_3)
FNDA:1,(anonymous_4)
DA:6,1
DA:8,1
DA:13,1
DA:15,1
DA:16,1
DA:19,1
DA:20,2
DA:21,2
DA:22,2
DA:24,0
DA:25,0
DA:32,1
DA:33,3
DA:34,3
DA:35,3
DA:36,3
DA:38,0
DA:39,0
DA:46,1
DA:47,1
DA:48,1
DA:49,1
DA:50,1
DA:52,0
DA:53,0
DA:59,1
DA:60,1
DA:62,1
DA:63,1
DA:64,1
DA:66,0
DA:67,0
DA:72,1
DA:73,1
DA:75,1
DA:76,1
DA:77,1
DA:79,0
DA:80,0
LF:39
LH:29
BRF:0
BRH:0
end_of_record
TN:
SF:routers\eventsRoute.js
FN:19,(anonymous_0)
FN:30,(anonymous_1)
FN:41,(anonymous_2)
FN:53,(anonymous_3)
FN:65,(anonymous_4)
FN:80,(anonymous_5)
FN:97,(anonymous_6)
FN:110,(anonymous_7)
FN:132,(anonymous_8)
FN:157,(anonymous_9)
FNF:10
FNH:7
FNDA:1,(anonymous_0)
FNDA:1,(anonymous_1)
FNDA:0,(anonymous_2)
FNDA:1,(anonymous_3)
FNDA:1,(anonymous_4)
FNDA:1,(anonymous_5)
FNDA:1,(anonymous_6)
FNDA:0,(anonymous_7)
FNDA:2,(anonymous_8)
FNDA:0,(anonymous_9)
DA:6,1
DA:8,1
DA:13,1
DA:15,1
DA:16,1
DA:19,1
DA:20,1
DA:21,1
DA:22,1
DA:24,0
DA:25,0
DA:30,1
DA:31,1
DA:32,1
DA:33,1
DA:35,0
DA:36,0
DA:41,1
DA:42,0
DA:43,0
DA:44,0
DA:45,0
DA:47,0
DA:48,0
DA:53,1
DA:54,1
DA:55,1
DA:56,1
DA:57,1
DA:59,0
DA:60,0
DA:65,1
DA:68,1
DA:70,1
DA:71,1
DA:72,1
DA:74,0
DA:75,0
DA:80,1
DA:81,1
DA:82,1
DA:84,1
DA:85,1
DA:89,1
DA:91,0
DA:92,0
DA:97,1
DA:98,1
DA:100,1
DA:101,1
DA:102,1
DA:104,0
DA:105,0
DA:110,1
DA:111,0
DA:113,0
DA:115,0
DA:117,0
DA:119,0
DA:122,0
DA:126,0
DA:127,0
DA:132,1
DA:133,2
DA:134,2
DA:136,2
DA:137,1
DA:140,1
DA:142,1
DA:144,1
DA:145,0
DA:147,1
DA:150,0
DA:151,0
DA:157,1
DA:158,0
DA:159,0
DA:160,0
DA:161,0
DA:163,0
DA:164,0
LF:81
LH:46
BRDA:117,0,0,0
BRDA:117,0,1,0
BRDA:136,1,0,1
BRDA:136,1,1,1
BRDA:144,2,0,0
BRDA:144,2,1,1
BRF:6
BRH:3
end_of_record
TN:
SF:routers\index.js
FNF:0
FNH:0
LF:0
LH:0
BRF:0
BRH:0
end_of_record
TN:
SF:routers\levitasRoute.js
FN:17,(anonymous_0)
FN:33,(anonymous_1)
FN:44,(anonymous_2)
FN:60,(anonymous_3)
FN:80,(anonymous_4)
FNF:5
FNH:5
FNDA:1,(anonymous_0)
FNDA:2,(anonymous_1)
FNDA:2,(anonymous_2)
FNDA:2,(anonymous_3)
FNDA:2,(anonymous_4)
DA:5,1
DA:7,1
DA:12,1
DA:14,1
DA:17,1
DA:18,1
DA:19,1
DA:20,1
DA:21,1
DA:25,1
DA:27,0
DA:28,0
DA:33,1
DA:34,2
DA:35,2
DA:36,2
DA:38,0
DA:39,0
DA:44,1
DA:45,2
DA:46,2
DA:47,2
DA:48,2
DA:49,1
DA:51,1
DA:54,0
DA:55,0
DA:60,1
DA:61,2
DA:62,2
DA:63,2
DA:64,2
DA:68,2
DA:69,1
DA:71,1
DA:74,0
DA:75,0
DA:80,1
DA:81,2
DA:82,2
DA:83,2
DA:84,2
DA:85,1
DA:87,1
DA:90,0
DA:91,0
LF:46
LH:36
BRDA:48,0,0,1
BRDA:48,0,1,1
BRDA:68,1,0,1
BRDA:68,1,1,1
BRDA:84,2,0,1
BRDA:84,2,1,1
BRF:6
BRH:6
end_of_record
TN:
SF:routers\membersRoute.js
FN:19,(anonymous_0)
FN:31,(anonymous_1)
FN:43,(anonymous_2)
FN:57,(anonymous_3)
FN:80,(anonymous_4)
FN:93,(anonymous_5)
FN:105,(anonymous_6)
FN:119,(anonymous_7)
FN:134,(anonymous_8)
FN:151,(anonymous_9)
FNF:10
FNH:8
FNDA:1,(anonymous_0)
FNDA:1,(anonymous_1)
FNDA:1,(anonymous_2)
FNDA:0,(anonymous_3)
FNDA:1,(anonymous_4)
FNDA:2,(anonymous_5)
FNDA:0,(anonymous_6)
FNDA:2,(anonymous_7)
FNDA:1,(anonymous_8)
FNDA:1,(anonymous_9)
DA:6,1
DA:8,1
DA:13,1
DA:15,1
DA:16,1
DA:19,1
DA:20,1
DA:21,1
DA:22,1
DA:24,0
DA:25,0
DA:31,1
DA:32,1
DA:33,1
DA:34,1
DA:35,1
DA:37,0
DA:38,0
DA:43,1
DA:44,1
DA:46,1
DA:47,1
DA:48,1
DA:50,0
DA:51,0
DA:57,1
DA:58,0
DA:60,0
DA:62,0
DA:64,0
DA:66,0
DA:69,0
DA:73,0
DA:74,0
DA:80,1
DA:81,1
DA:83,1
DA:84,1
DA:85,1
DA:87,0
DA:88,0
DA:93,1
DA:94,2
DA:95,2
DA:96,2
DA:97,2
DA:99,0
DA:100,0
DA:105,1
DA:106,0
DA:108,0
DA:109,0
DA:110,0
DA:112,0
DA:113,0
DA:119,1
DA:122,2
DA:124,2
DA:125,2
DA:126,1
DA:128,1
DA:129,1
DA:134,1
DA:135,1
DA:136,1
DA:138,1
DA:139,1
DA:143,1
DA:145,0
DA:146,0
DA:151,1
DA:152,1
DA:154,1
DA:155,1
DA:156,1
DA:158,0
DA:159,0
LF:77
LH:49
BRDA:64,0,0,0
BRDA:64,0,1,0
BRF:2
BRH:0
end_of_record
TN:
SF:routers\scalesRoute.js
FN:18,(anonymous_0)
FN:29,(anonymous_1)
FN:44,(anonymous_2)
FN:60,(anonymous_3)
FN:76,(anonymous_4)
FN:92,(anonymous_5)
FN:108,(anonymous_6)
FN:124,(anonymous_7)
FN:140,(anonymous_8)
FN:156,(anonymous_9)
FN:167,(anonymous_10)
FN:182,(anonymous_11)
FN:199,(anonymous_12)
FN:212,(anonymous_13)
FN:225,(anonymous_14)
FNF:15
FNH:8
FNDA:1,(anonymous_0)
FNDA:1,(anonymous_1)
FNDA:1,(anonymous_2)
FNDA:1,(anonymous_3)
FNDA:1,(anonymous_4)
FNDA:0,(anonymous_5)
FNDA:0,(anonymous_6)
FNDA:0,(anonymous_7)
FNDA:1,(anonymous_8)
FNDA:0,(anonymous_9)
FNDA:1,(anonymous_10)
FNDA:0,(anonymous_11)
FNDA:1,(anonymous_12)
FNDA:0,(anonymous_13)
FNDA:0,(anonymous_14)
DA:5,1
DA:7,1
DA:12,1
DA:14,1
DA:15,1
DA:18,1
DA:19,1
DA:20,1
DA:21,1
DA:23,0
DA:24,0
DA:29,1
DA:30,1
DA:31,1
DA:32,1
DA:36,1
DA:38,0
DA:39,0
DA:44,1
DA:45,1
DA:47,1
DA:48,1
DA:52,1
DA:54,0
DA:55,0
DA:60,1
DA:61,1
DA:63,1
DA:64,1
DA:68,1
DA:70,0
DA:71,0
DA:76,1
DA:77,1
DA:79,1
DA:80,1
DA:84,1
DA:86,0
DA:87,0
DA:92,1
DA:93,0
DA:95,0
DA:96,0
DA:100,0
DA:102,0
DA:103,0
DA:108,1
DA:109,0
DA:111,0
DA:112,0
DA:116,0
DA:118,0
DA:119,0
DA:124,1
DA:125,0
DA:127,0
DA:128,0
DA:132,0
DA:134,0
DA:135,0
DA:140,1
DA:141,1
DA:143,1
DA:144,1
DA:148,1
DA:150,0
DA:151,0
DA:156,1
DA:157,0
DA:158,0
DA:159,0
DA:161,0
DA:162,0
DA:167,1
DA:168,1
DA:169,1
DA:170,1
DA:174,1
DA:176,0
DA:177,0
DA:182,1
DA:183,0
DA:186,0
DA:187,0
DA:191,0
DA:193,0
DA:194,0
DA:199,1
DA:200,1
DA:202,1
DA:203,1
DA:204,1
DA:206,0
DA:207,0
DA:212,1
DA:213,0
DA:215,0
DA:216,0
DA:217,0
DA:219,0
DA:220,0
DA:225,1
DA:226,0
DA:227,0
DA:228,0
DA:232,0
DA:234,0
DA:235,0
LF:108
LH:51
BRF:0
BRH:0
end_of_record
TN:
SF:routers\unavailableRoute.js
FN:17,(anonymous_0)
FN:33,(anonymous_1)
FN:48,(anonymous_2)
FN:63,(anonymous_3)
FN:78,(anonymous_4)
FNF:5
FNH:4
FNDA:1,(anonymous_0)
FNDA:1,(anonymous_1)
FNDA:1,(anonymous_2)
FNDA:2,(anonymous_3)
FNDA:0,(anonymous_4)
DA:5,1
DA:7,1
DA:12,1
DA:14,1
DA:17,1
DA:18,1
DA:20,1
DA:21,1
DA:25,1
DA:27,0
DA:28,0
DA:33,1
DA:34,1
DA:35,1
DA:36,1
DA:40,1
DA:42,0
DA:43,0
DA:48,1
DA:49,1
DA:50,1
DA:51,1
DA:55,1
DA:57,0
DA:58,0
DA:63,1
DA:64,2
DA:65,2
DA:70,2
DA:72,0
DA:73,0
DA:78,1
DA:79,0
DA:81,0
DA:82,0
DA:87,0
DA:88,0
DA:91,0
DA:93,0
DA:94,0
LF:40
LH:24
BRDA:87,0,0,0
BRDA:87,0,1,0
BRF:2
BRH:0
end_of_record
TN:
SF:routers\usersRoute.js
FN:21,(anonymous_0)
FN:31,(anonymous_1)
FN:48,(anonymous_2)
FNF:3
FNH:3
FNDA:1,(anonymous_0)
FNDA:3,(anonymous_1)
FNDA:2,(anonymous_2)
DA:8,1
DA:10,1
DA:15,1
DA:17,1
DA:18,1
DA:21,1
DA:22,1
DA:23,1
DA:24,1
DA:26,0
DA:27,0
DA:31,1
DA:32,3
DA:34,3
DA:35,3
DA:37,3
DA:38,1
DA:40,2
DA:43,0
DA:44,0
DA:48,1
DA:49,2
DA:51,2
DA:52,2
DA:54,2
DA:55,1
DA:57,1
DA:59,1
DA:62,0
DA:63,0
LF:30
LH:24
BRDA:37,0,0,1
BRDA:37,0,1,2
BRDA:54,1,0,1
BRDA:54,1,1,1
BRF:4
BRH:4
end_of_record
TN:
SF:routers\volunteersRoute.js
FN:19,(anonymous_0)
FN:34,(anonymous_1)
FN:45,(anonymous_2)
FN:60,(anonymous_3)
FN:75,(anonymous_4)
FNF:5
FNH:4
FNDA:1,(anonymous_0)
FNDA:1,(anonymous_1)
FNDA:1,(anonymous_2)
FNDA:1,(anonymous_3)
FNDA:0,(anonymous_4)
DA:6,1
DA:8,1
DA:13,1
DA:15,1
DA:16,1
DA:19,1
DA:20,1
DA:22,1
DA:23,1
DA:27,1
DA:29,0
DA:30,0
DA:34,1
DA:35,1
DA:36,1
DA:37,1
DA:39,0
DA:40,0
DA:45,1
DA:46,1
DA:47,1
DA:48,1
DA:52,1
DA:54,0
DA:55,0
DA:60,1
DA:61,1
DA:63,1
DA:64,1
DA:67,1
DA:69,0
DA:70,0
DA:75,1
DA:76,0
DA:77,0
DA:80,0
DA:82,0
DA:83,0
LF:38
LH:25
BRF:0
BRH:0
end_of_record
